2017-11-18 17:01:37,655 [Worker-11] INFO  o.e.m.c.i.l.LifecycleMappingFactory - Using org.eclipse.m2e.jdt.JarLifecycleMapping lifecycle mapping for MavenProject: gamified:gamiOffice:0.0.1-SNAPSHOT @ /Users/sjhermanek/Documents/GitHub/GamifiedOffice/gamiOffice/pom.xml.
2017-11-18 17:01:44,623 [Worker-11] INFO  o.e.m.j.i.AbstractJavaProjectConfigurator - Adding source folder /gamiOffice/src/main/java
2017-11-18 17:01:44,624 [Worker-11] INFO  o.e.m.j.i.AbstractJavaProjectConfigurator - Adding source folder /gamiOffice/src/test/java
2017-11-18 17:01:47,094 [Worker-11] INFO  o.e.m.c.i.p.ProjectConfigurationManager - Imported and configured 1 project(s) in 11 sec
2017-11-18 17:01:51,138 [Worker-15] INFO  o.e.m.c.i.embedder.EclipseLogger - Using 'UTF-8' encoding to copy filtered resources.
2017-11-18 17:01:51,139 [Worker-15] INFO  o.e.m.c.i.embedder.EclipseLogger - skip non existing resourceDirectory /Users/sjhermanek/Documents/GitHub/GamifiedOffice/gamiOffice/src/main/resources
2017-11-18 17:01:51,141 [Worker-15] INFO  o.e.m.c.i.embedder.EclipseLogger - Using 'UTF-8' encoding to copy filtered resources.
2017-11-18 17:01:51,141 [Worker-15] INFO  o.e.m.c.i.embedder.EclipseLogger - skip non existing resourceDirectory /Users/sjhermanek/Documents/GitHub/GamifiedOffice/gamiOffice/src/test/resources
2017-11-18 17:03:38,734 [Worker-11] INFO  o.e.m.c.i.embedder.EclipseLogger - Using 'UTF-8' encoding to copy filtered resources.
2017-11-18 17:03:38,735 [Worker-11] INFO  o.e.m.c.i.embedder.EclipseLogger - skip non existing resourceDirectory /Users/sjhermanek/Documents/GitHub/GamifiedOffice/gamiOffice/src/main/resources
2017-11-18 17:03:38,737 [Worker-11] INFO  o.e.m.c.i.embedder.EclipseLogger - Using 'UTF-8' encoding to copy filtered resources.
2017-11-18 17:03:38,738 [Worker-11] INFO  o.e.m.c.i.embedder.EclipseLogger - skip non existing resourceDirectory /Users/sjhermanek/Documents/GitHub/GamifiedOffice/gamiOffice/src/test/resources
2017-11-18 17:05:50,613 [Worker-0] INFO  o.e.m.c.i.embedder.EclipseLogger - Using 'UTF-8' encoding to copy filtered resources.
2017-11-18 17:05:50,615 [Worker-0] INFO  o.e.m.c.i.embedder.EclipseLogger - skip non existing resourceDirectory /Users/sjhermanek/Documents/GitHub/GamifiedOffice/gamiOffice/src/main/resources
2017-11-18 17:05:50,616 [Worker-0] INFO  o.e.m.c.i.embedder.EclipseLogger - Using 'UTF-8' encoding to copy filtered resources.
2017-11-18 17:05:50,617 [Worker-0] INFO  o.e.m.c.i.embedder.EclipseLogger - skip non existing resourceDirectory /Users/sjhermanek/Documents/GitHub/GamifiedOffice/gamiOffice/src/test/resources
2017-11-18 17:05:57,437 [Worker-3] INFO  o.e.m.c.i.embedder.EclipseLogger - Using 'UTF-8' encoding to copy filtered resources.
2017-11-18 17:05:57,437 [Worker-3] INFO  o.e.m.c.i.embedder.EclipseLogger - skip non existing resourceDirectory /Users/sjhermanek/Documents/GitHub/GamifiedOffice/gamiOffice/src/main/resources
2017-11-18 17:05:57,443 [Worker-3] INFO  o.e.m.c.i.embedder.EclipseLogger - Using 'UTF-8' encoding to copy filtered resources.
2017-11-18 17:05:57,443 [Worker-3] INFO  o.e.m.c.i.embedder.EclipseLogger - skip non existing resourceDirectory /Users/sjhermanek/Documents/GitHub/GamifiedOffice/gamiOffice/src/test/resources
2017-11-18 17:06:12,777 [Worker-9] INFO  o.e.m.c.i.embedder.EclipseLogger - Using 'UTF-8' encoding to copy filtered resources.
2017-11-18 17:06:12,778 [Worker-9] INFO  o.e.m.c.i.embedder.EclipseLogger - skip non existing resourceDirectory /Users/sjhermanek/Documents/GitHub/GamifiedOffice/gamiOffice/src/main/resources
2017-11-18 17:06:12,779 [Worker-9] INFO  o.e.m.c.i.embedder.EclipseLogger - Using 'UTF-8' encoding to copy filtered resources.
2017-11-18 17:06:12,780 [Worker-9] INFO  o.e.m.c.i.embedder.EclipseLogger - skip non existing resourceDirectory /Users/sjhermanek/Documents/GitHub/GamifiedOffice/gamiOffice/src/test/resources
2017-11-18 17:06:24,903 [Worker-8] INFO  o.e.m.c.i.embedder.EclipseLogger - Using 'UTF-8' encoding to copy filtered resources.
2017-11-18 17:06:24,903 [Worker-8] INFO  o.e.m.c.i.embedder.EclipseLogger - skip non existing resourceDirectory /Users/sjhermanek/Documents/GitHub/GamifiedOffice/gamiOffice/src/main/resources
2017-11-18 17:06:24,905 [Worker-8] INFO  o.e.m.c.i.embedder.EclipseLogger - Using 'UTF-8' encoding to copy filtered resources.
2017-11-18 17:06:24,905 [Worker-8] INFO  o.e.m.c.i.embedder.EclipseLogger - skip non existing resourceDirectory /Users/sjhermanek/Documents/GitHub/GamifiedOffice/gamiOffice/src/test/resources
2017-11-18 17:21:04,923 [Worker-16] INFO  o.e.m.c.i.embedder.EclipseLogger - Using 'UTF-8' encoding to copy filtered resources.
2017-11-18 17:21:04,924 [Worker-16] INFO  o.e.m.c.i.embedder.EclipseLogger - skip non existing resourceDirectory /Users/sjhermanek/Documents/GitHub/GamifiedOffice/gamiOffice/src/main/resources
2017-11-18 17:21:04,926 [Worker-16] INFO  o.e.m.c.i.embedder.EclipseLogger - Using 'UTF-8' encoding to copy filtered resources.
2017-11-18 17:21:04,926 [Worker-16] INFO  o.e.m.c.i.embedder.EclipseLogger - skip non existing resourceDirectory /Users/sjhermanek/Documents/GitHub/GamifiedOffice/gamiOffice/src/test/resources
2017-11-18 17:23:19,497 [Worker-6] INFO  o.e.m.c.i.embedder.EclipseLogger - Using 'UTF-8' encoding to copy filtered resources.
2017-11-18 17:23:19,497 [Worker-6] INFO  o.e.m.c.i.embedder.EclipseLogger - skip non existing resourceDirectory /Users/sjhermanek/Documents/GitHub/GamifiedOffice/gamiOffice/src/main/resources
2017-11-18 17:23:19,500 [Worker-6] INFO  o.e.m.c.i.embedder.EclipseLogger - Using 'UTF-8' encoding to copy filtered resources.
2017-11-18 17:23:19,500 [Worker-6] INFO  o.e.m.c.i.embedder.EclipseLogger - skip non existing resourceDirectory /Users/sjhermanek/Documents/GitHub/GamifiedOffice/gamiOffice/src/test/resources
2017-11-18 17:24:34,012 [Worker-6] INFO  o.e.m.c.i.embedder.EclipseLogger - Using 'UTF-8' encoding to copy filtered resources.
2017-11-18 17:24:34,012 [Worker-6] INFO  o.e.m.c.i.embedder.EclipseLogger - skip non existing resourceDirectory /Users/sjhermanek/Documents/GitHub/GamifiedOffice/gamiOffice/src/main/resources
2017-11-18 17:24:34,013 [Worker-6] INFO  o.e.m.c.i.embedder.EclipseLogger - Using 'UTF-8' encoding to copy filtered resources.
2017-11-18 17:24:34,014 [Worker-6] INFO  o.e.m.c.i.embedder.EclipseLogger - skip non existing resourceDirectory /Users/sjhermanek/Documents/GitHub/GamifiedOffice/gamiOffice/src/test/resources
2017-11-18 17:26:08,442 [Worker-19] INFO  o.e.m.c.i.embedder.EclipseLogger - Using 'UTF-8' encoding to copy filtered resources.
2017-11-18 17:26:08,444 [Worker-19] INFO  o.e.m.c.i.embedder.EclipseLogger - skip non existing resourceDirectory /Users/sjhermanek/Documents/GitHub/GamifiedOffice/gamiOffice/src/main/resources
2017-11-18 17:26:08,445 [Worker-19] INFO  o.e.m.c.i.embedder.EclipseLogger - Using 'UTF-8' encoding to copy filtered resources.
2017-11-18 17:26:08,445 [Worker-19] INFO  o.e.m.c.i.embedder.EclipseLogger - skip non existing resourceDirectory /Users/sjhermanek/Documents/GitHub/GamifiedOffice/gamiOffice/src/test/resources
2017-11-18 17:26:14,386 [Worker-16] INFO  o.e.m.c.i.embedder.EclipseLogger - Using 'UTF-8' encoding to copy filtered resources.
2017-11-18 17:26:14,386 [Worker-16] INFO  o.e.m.c.i.embedder.EclipseLogger - skip non existing resourceDirectory /Users/sjhermanek/Documents/GitHub/GamifiedOffice/gamiOffice/src/main/resources
2017-11-18 17:26:14,389 [Worker-16] INFO  o.e.m.c.i.embedder.EclipseLogger - Using 'UTF-8' encoding to copy filtered resources.
2017-11-18 17:26:14,389 [Worker-16] INFO  o.e.m.c.i.embedder.EclipseLogger - skip non existing resourceDirectory /Users/sjhermanek/Documents/GitHub/GamifiedOffice/gamiOffice/src/test/resources
2017-11-18 17:26:55,006 [Worker-21] INFO  o.e.m.c.i.embedder.EclipseLogger - Using 'UTF-8' encoding to copy filtered resources.
2017-11-18 17:26:55,006 [Worker-21] INFO  o.e.m.c.i.embedder.EclipseLogger - skip non existing resourceDirectory /Users/sjhermanek/Documents/GitHub/GamifiedOffice/gamiOffice/src/main/resources
2017-11-18 17:26:55,007 [Worker-21] INFO  o.e.m.c.i.embedder.EclipseLogger - Using 'UTF-8' encoding to copy filtered resources.
2017-11-18 17:26:55,007 [Worker-21] INFO  o.e.m.c.i.embedder.EclipseLogger - skip non existing resourceDirectory /Users/sjhermanek/Documents/GitHub/GamifiedOffice/gamiOffice/src/test/resources
2017-11-18 17:27:24,221 [Worker-20] INFO  o.e.m.c.i.embedder.EclipseLogger - Using 'UTF-8' encoding to copy filtered resources.
2017-11-18 17:27:24,221 [Worker-20] INFO  o.e.m.c.i.embedder.EclipseLogger - skip non existing resourceDirectory /Users/sjhermanek/Documents/GitHub/GamifiedOffice/gamiOffice/src/main/resources
2017-11-18 17:27:24,222 [Worker-20] INFO  o.e.m.c.i.embedder.EclipseLogger - Using 'UTF-8' encoding to copy filtered resources.
2017-11-18 17:27:24,222 [Worker-20] INFO  o.e.m.c.i.embedder.EclipseLogger - skip non existing resourceDirectory /Users/sjhermanek/Documents/GitHub/GamifiedOffice/gamiOffice/src/test/resources
2017-11-18 17:30:05,847 [Worker-19] INFO  o.e.m.c.i.embedder.EclipseLogger - Using 'UTF-8' encoding to copy filtered resources.
2017-11-18 17:30:05,848 [Worker-19] INFO  o.e.m.c.i.embedder.EclipseLogger - skip non existing resourceDirectory /Users/sjhermanek/Documents/GitHub/GamifiedOffice/gamiOffice/src/main/resources
2017-11-18 17:30:05,850 [Worker-19] INFO  o.e.m.c.i.embedder.EclipseLogger - Using 'UTF-8' encoding to copy filtered resources.
2017-11-18 17:30:05,850 [Worker-19] INFO  o.e.m.c.i.embedder.EclipseLogger - skip non existing resourceDirectory /Users/sjhermanek/Documents/GitHub/GamifiedOffice/gamiOffice/src/test/resources
2017-11-18 17:30:47,686 [Worker-22] INFO  o.e.m.c.i.embedder.EclipseLogger - Using 'UTF-8' encoding to copy filtered resources.
2017-11-18 17:30:47,688 [Worker-22] INFO  o.e.m.c.i.embedder.EclipseLogger - skip non existing resourceDirectory /Users/sjhermanek/Documents/GitHub/GamifiedOffice/gamiOffice/src/main/resources
2017-11-18 17:30:47,689 [Worker-22] INFO  o.e.m.c.i.embedder.EclipseLogger - Using 'UTF-8' encoding to copy filtered resources.
2017-11-18 17:30:47,689 [Worker-22] INFO  o.e.m.c.i.embedder.EclipseLogger - skip non existing resourceDirectory /Users/sjhermanek/Documents/GitHub/GamifiedOffice/gamiOffice/src/test/resources
2017-11-18 17:31:50,343 [Worker-23] INFO  o.e.m.c.i.embedder.EclipseLogger - Using 'UTF-8' encoding to copy filtered resources.
2017-11-18 17:31:50,345 [Worker-23] INFO  o.e.m.c.i.embedder.EclipseLogger - skip non existing resourceDirectory /Users/sjhermanek/Documents/GitHub/GamifiedOffice/gamiOffice/src/main/resources
2017-11-18 17:31:50,348 [Worker-23] INFO  o.e.m.c.i.embedder.EclipseLogger - Using 'UTF-8' encoding to copy filtered resources.
2017-11-18 17:31:50,348 [Worker-23] INFO  o.e.m.c.i.embedder.EclipseLogger - skip non existing resourceDirectory /Users/sjhermanek/Documents/GitHub/GamifiedOffice/gamiOffice/src/test/resources
2017-11-18 17:31:54,402 [Worker-21] INFO  o.e.m.c.i.embedder.EclipseLogger - Using 'UTF-8' encoding to copy filtered resources.
2017-11-18 17:31:54,403 [Worker-21] INFO  o.e.m.c.i.embedder.EclipseLogger - skip non existing resourceDirectory /Users/sjhermanek/Documents/GitHub/GamifiedOffice/gamiOffice/src/main/resources
2017-11-18 17:31:54,404 [Worker-21] INFO  o.e.m.c.i.embedder.EclipseLogger - Using 'UTF-8' encoding to copy filtered resources.
2017-11-18 17:31:54,404 [Worker-21] INFO  o.e.m.c.i.embedder.EclipseLogger - skip non existing resourceDirectory /Users/sjhermanek/Documents/GitHub/GamifiedOffice/gamiOffice/src/test/resources
2017-11-18 17:33:08,608 [Worker-19] INFO  o.e.m.c.i.embedder.EclipseLogger - Using 'UTF-8' encoding to copy filtered resources.
2017-11-18 17:33:08,610 [Worker-19] INFO  o.e.m.c.i.embedder.EclipseLogger - skip non existing resourceDirectory /Users/sjhermanek/Documents/GitHub/GamifiedOffice/gamiOffice/src/main/resources
2017-11-18 17:33:08,611 [Worker-19] INFO  o.e.m.c.i.embedder.EclipseLogger - Using 'UTF-8' encoding to copy filtered resources.
2017-11-18 17:33:08,611 [Worker-19] INFO  o.e.m.c.i.embedder.EclipseLogger - skip non existing resourceDirectory /Users/sjhermanek/Documents/GitHub/GamifiedOffice/gamiOffice/src/test/resources
2017-11-18 17:33:19,011 [Worker-20] INFO  o.e.m.c.i.embedder.EclipseLogger - Using 'UTF-8' encoding to copy filtered resources.
2017-11-18 17:33:19,011 [Worker-20] INFO  o.e.m.c.i.embedder.EclipseLogger - skip non existing resourceDirectory /Users/sjhermanek/Documents/GitHub/GamifiedOffice/gamiOffice/src/main/resources
2017-11-18 17:33:19,012 [Worker-20] INFO  o.e.m.c.i.embedder.EclipseLogger - Using 'UTF-8' encoding to copy filtered resources.
2017-11-18 17:33:19,013 [Worker-20] INFO  o.e.m.c.i.embedder.EclipseLogger - skip non existing resourceDirectory /Users/sjhermanek/Documents/GitHub/GamifiedOffice/gamiOffice/src/test/resources
2017-11-18 17:34:39,330 [Worker-16] INFO  o.e.m.c.i.embedder.EclipseLogger - Using 'UTF-8' encoding to copy filtered resources.
2017-11-18 17:34:39,330 [Worker-16] INFO  o.e.m.c.i.embedder.EclipseLogger - skip non existing resourceDirectory /Users/sjhermanek/Documents/GitHub/GamifiedOffice/gamiOffice/src/main/resources
2017-11-18 17:34:39,332 [Worker-16] INFO  o.e.m.c.i.embedder.EclipseLogger - Using 'UTF-8' encoding to copy filtered resources.
2017-11-18 17:34:39,332 [Worker-16] INFO  o.e.m.c.i.embedder.EclipseLogger - skip non existing resourceDirectory /Users/sjhermanek/Documents/GitHub/GamifiedOffice/gamiOffice/src/test/resources
2017-11-18 17:34:47,541 [Worker-23] INFO  o.e.m.c.i.embedder.EclipseLogger - Using 'UTF-8' encoding to copy filtered resources.
2017-11-18 17:34:47,542 [Worker-23] INFO  o.e.m.c.i.embedder.EclipseLogger - skip non existing resourceDirectory /Users/sjhermanek/Documents/GitHub/GamifiedOffice/gamiOffice/src/main/resources
2017-11-18 17:34:47,543 [Worker-23] INFO  o.e.m.c.i.embedder.EclipseLogger - Using 'UTF-8' encoding to copy filtered resources.
2017-11-18 17:34:47,543 [Worker-23] INFO  o.e.m.c.i.embedder.EclipseLogger - skip non existing resourceDirectory /Users/sjhermanek/Documents/GitHub/GamifiedOffice/gamiOffice/src/test/resources
2017-11-18 17:34:49,075 [Worker-19] INFO  o.e.m.c.i.embedder.EclipseLogger - Using 'UTF-8' encoding to copy filtered resources.
2017-11-18 17:34:49,075 [Worker-19] INFO  o.e.m.c.i.embedder.EclipseLogger - skip non existing resourceDirectory /Users/sjhermanek/Documents/GitHub/GamifiedOffice/gamiOffice/src/main/resources
2017-11-18 17:34:49,077 [Worker-19] INFO  o.e.m.c.i.embedder.EclipseLogger - Using 'UTF-8' encoding to copy filtered resources.
2017-11-18 17:34:49,077 [Worker-19] INFO  o.e.m.c.i.embedder.EclipseLogger - skip non existing resourceDirectory /Users/sjhermanek/Documents/GitHub/GamifiedOffice/gamiOffice/src/test/resources
2017-11-18 17:36:14,974 [Worker-22] INFO  o.e.m.c.i.embedder.EclipseLogger - Using 'UTF-8' encoding to copy filtered resources.
2017-11-18 17:36:14,975 [Worker-22] INFO  o.e.m.c.i.embedder.EclipseLogger - skip non existing resourceDirectory /Users/sjhermanek/Documents/GitHub/GamifiedOffice/gamiOffice/src/main/resources
2017-11-18 17:36:14,977 [Worker-22] INFO  o.e.m.c.i.embedder.EclipseLogger - Using 'UTF-8' encoding to copy filtered resources.
2017-11-18 17:36:14,977 [Worker-22] INFO  o.e.m.c.i.embedder.EclipseLogger - skip non existing resourceDirectory /Users/sjhermanek/Documents/GitHub/GamifiedOffice/gamiOffice/src/test/resources
2017-11-18 17:36:17,461 [Worker-20] INFO  o.e.m.c.i.embedder.EclipseLogger - Using 'UTF-8' encoding to copy filtered resources.
2017-11-18 17:36:17,461 [Worker-20] INFO  o.e.m.c.i.embedder.EclipseLogger - skip non existing resourceDirectory /Users/sjhermanek/Documents/GitHub/GamifiedOffice/gamiOffice/src/main/resources
2017-11-18 17:36:17,462 [Worker-20] INFO  o.e.m.c.i.embedder.EclipseLogger - Using 'UTF-8' encoding to copy filtered resources.
2017-11-18 17:36:17,462 [Worker-20] INFO  o.e.m.c.i.embedder.EclipseLogger - skip non existing resourceDirectory /Users/sjhermanek/Documents/GitHub/GamifiedOffice/gamiOffice/src/test/resources
2017-11-18 17:36:20,027 [Worker-16] INFO  o.e.m.c.i.embedder.EclipseLogger - Using 'UTF-8' encoding to copy filtered resources.
2017-11-18 17:36:20,027 [Worker-16] INFO  o.e.m.c.i.embedder.EclipseLogger - skip non existing resourceDirectory /Users/sjhermanek/Documents/GitHub/GamifiedOffice/gamiOffice/src/main/resources
2017-11-18 17:36:20,028 [Worker-16] INFO  o.e.m.c.i.embedder.EclipseLogger - Using 'UTF-8' encoding to copy filtered resources.
2017-11-18 17:36:20,028 [Worker-16] INFO  o.e.m.c.i.embedder.EclipseLogger - skip non existing resourceDirectory /Users/sjhermanek/Documents/GitHub/GamifiedOffice/gamiOffice/src/test/resources
2017-11-18 17:36:24,507 [Worker-21] INFO  o.e.m.c.i.embedder.EclipseLogger - Using 'UTF-8' encoding to copy filtered resources.
2017-11-18 17:36:24,507 [Worker-21] INFO  o.e.m.c.i.embedder.EclipseLogger - skip non existing resourceDirectory /Users/sjhermanek/Documents/GitHub/GamifiedOffice/gamiOffice/src/main/resources
2017-11-18 17:36:24,510 [Worker-21] INFO  o.e.m.c.i.embedder.EclipseLogger - Using 'UTF-8' encoding to copy filtered resources.
2017-11-18 17:36:24,510 [Worker-21] INFO  o.e.m.c.i.embedder.EclipseLogger - skip non existing resourceDirectory /Users/sjhermanek/Documents/GitHub/GamifiedOffice/gamiOffice/src/test/resources
2017-11-18 17:36:38,205 [Worker-21] INFO  o.e.m.c.i.embedder.EclipseLogger - Using 'UTF-8' encoding to copy filtered resources.
2017-11-18 17:36:38,205 [Worker-21] INFO  o.e.m.c.i.embedder.EclipseLogger - skip non existing resourceDirectory /Users/sjhermanek/Documents/GitHub/GamifiedOffice/gamiOffice/src/main/resources
2017-11-18 17:36:38,207 [Worker-21] INFO  o.e.m.c.i.embedder.EclipseLogger - Using 'UTF-8' encoding to copy filtered resources.
2017-11-18 17:36:38,207 [Worker-21] INFO  o.e.m.c.i.embedder.EclipseLogger - skip non existing resourceDirectory /Users/sjhermanek/Documents/GitHub/GamifiedOffice/gamiOffice/src/test/resources
2017-11-18 17:37:12,531 [Worker-23] INFO  o.e.m.c.i.embedder.EclipseLogger - Using 'UTF-8' encoding to copy filtered resources.
2017-11-18 17:37:12,531 [Worker-23] INFO  o.e.m.c.i.embedder.EclipseLogger - skip non existing resourceDirectory /Users/sjhermanek/Documents/GitHub/GamifiedOffice/gamiOffice/src/main/resources
2017-11-18 17:37:12,533 [Worker-23] INFO  o.e.m.c.i.embedder.EclipseLogger - Using 'UTF-8' encoding to copy filtered resources.
2017-11-18 17:37:12,533 [Worker-23] INFO  o.e.m.c.i.embedder.EclipseLogger - skip non existing resourceDirectory /Users/sjhermanek/Documents/GitHub/GamifiedOffice/gamiOffice/src/test/resources
2017-11-18 17:37:28,293 [Worker-23] INFO  o.e.m.c.i.embedder.EclipseLogger - Using 'UTF-8' encoding to copy filtered resources.
2017-11-18 17:37:28,294 [Worker-23] INFO  o.e.m.c.i.embedder.EclipseLogger - skip non existing resourceDirectory /Users/sjhermanek/Documents/GitHub/GamifiedOffice/gamiOffice/src/main/resources
2017-11-18 17:37:28,295 [Worker-23] INFO  o.e.m.c.i.embedder.EclipseLogger - Using 'UTF-8' encoding to copy filtered resources.
2017-11-18 17:37:28,295 [Worker-23] INFO  o.e.m.c.i.embedder.EclipseLogger - skip non existing resourceDirectory /Users/sjhermanek/Documents/GitHub/GamifiedOffice/gamiOffice/src/test/resources
2017-11-18 17:42:51,124 [Worker-16] INFO  o.e.m.c.i.embedder.EclipseLogger - Using 'UTF-8' encoding to copy filtered resources.
2017-11-18 17:42:51,125 [Worker-16] INFO  o.e.m.c.i.embedder.EclipseLogger - skip non existing resourceDirectory /Users/sjhermanek/Documents/GitHub/GamifiedOffice/gamiOffice/src/main/resources
2017-11-18 17:42:51,126 [Worker-16] INFO  o.e.m.c.i.embedder.EclipseLogger - Using 'UTF-8' encoding to copy filtered resources.
2017-11-18 17:42:51,126 [Worker-16] INFO  o.e.m.c.i.embedder.EclipseLogger - skip non existing resourceDirectory /Users/sjhermanek/Documents/GitHub/GamifiedOffice/gamiOffice/src/test/resources
2017-11-18 17:42:52,133 [Worker-16] INFO  o.e.m.c.i.embedder.EclipseLogger - Using 'UTF-8' encoding to copy filtered resources.
2017-11-18 17:42:52,133 [Worker-16] INFO  o.e.m.c.i.embedder.EclipseLogger - skip non existing resourceDirectory /Users/sjhermanek/Documents/GitHub/GamifiedOffice/gamiOffice/src/main/resources
2017-11-18 17:42:52,134 [Worker-16] INFO  o.e.m.c.i.embedder.EclipseLogger - Using 'UTF-8' encoding to copy filtered resources.
2017-11-18 17:42:52,134 [Worker-16] INFO  o.e.m.c.i.embedder.EclipseLogger - skip non existing resourceDirectory /Users/sjhermanek/Documents/GitHub/GamifiedOffice/gamiOffice/src/test/resources
2017-11-18 17:45:56,785 [Worker-25] INFO  o.e.m.c.i.embedder.EclipseLogger - Using 'UTF-8' encoding to copy filtered resources.
2017-11-18 17:45:56,787 [Worker-25] INFO  o.e.m.c.i.embedder.EclipseLogger - skip non existing resourceDirectory /Users/sjhermanek/Documents/GitHub/GamifiedOffice/gamiOffice/src/main/resources
2017-11-18 17:45:56,789 [Worker-25] INFO  o.e.m.c.i.embedder.EclipseLogger - Using 'UTF-8' encoding to copy filtered resources.
2017-11-18 17:45:56,789 [Worker-25] INFO  o.e.m.c.i.embedder.EclipseLogger - skip non existing resourceDirectory /Users/sjhermanek/Documents/GitHub/GamifiedOffice/gamiOffice/src/test/resources
2017-11-18 17:45:57,810 [Worker-24] INFO  o.e.m.c.i.embedder.EclipseLogger - Using 'UTF-8' encoding to copy filtered resources.
2017-11-18 17:45:57,810 [Worker-24] INFO  o.e.m.c.i.embedder.EclipseLogger - skip non existing resourceDirectory /Users/sjhermanek/Documents/GitHub/GamifiedOffice/gamiOffice/src/main/resources
2017-11-18 17:45:57,812 [Worker-24] INFO  o.e.m.c.i.embedder.EclipseLogger - Using 'UTF-8' encoding to copy filtered resources.
2017-11-18 17:45:57,812 [Worker-24] INFO  o.e.m.c.i.embedder.EclipseLogger - skip non existing resourceDirectory /Users/sjhermanek/Documents/GitHub/GamifiedOffice/gamiOffice/src/test/resources
2017-11-18 17:51:22,529 [Worker-25] INFO  o.e.m.c.i.embedder.EclipseLogger - Using 'UTF-8' encoding to copy filtered resources.
2017-11-18 17:51:22,531 [Worker-25] INFO  o.e.m.c.i.embedder.EclipseLogger - skip non existing resourceDirectory /Users/sjhermanek/Documents/GitHub/GamifiedOffice/gamiOffice/src/main/resources
2017-11-18 17:51:22,532 [Worker-25] INFO  o.e.m.c.i.embedder.EclipseLogger - Using 'UTF-8' encoding to copy filtered resources.
2017-11-18 17:51:22,532 [Worker-25] INFO  o.e.m.c.i.embedder.EclipseLogger - skip non existing resourceDirectory /Users/sjhermanek/Documents/GitHub/GamifiedOffice/gamiOffice/src/test/resources
2017-11-18 17:51:23,542 [Worker-27] INFO  o.e.m.c.i.embedder.EclipseLogger - Using 'UTF-8' encoding to copy filtered resources.
2017-11-18 17:51:23,542 [Worker-27] INFO  o.e.m.c.i.embedder.EclipseLogger - skip non existing resourceDirectory /Users/sjhermanek/Documents/GitHub/GamifiedOffice/gamiOffice/src/main/resources
2017-11-18 17:51:23,543 [Worker-27] INFO  o.e.m.c.i.embedder.EclipseLogger - Using 'UTF-8' encoding to copy filtered resources.
2017-11-18 17:51:23,543 [Worker-27] INFO  o.e.m.c.i.embedder.EclipseLogger - skip non existing resourceDirectory /Users/sjhermanek/Documents/GitHub/GamifiedOffice/gamiOffice/src/test/resources
2017-11-18 17:51:24,796 [Worker-25] INFO  o.e.m.c.i.embedder.EclipseLogger - Using 'UTF-8' encoding to copy filtered resources.
2017-11-18 17:51:24,796 [Worker-25] INFO  o.e.m.c.i.embedder.EclipseLogger - skip non existing resourceDirectory /Users/sjhermanek/Documents/GitHub/GamifiedOffice/gamiOffice/src/main/resources
2017-11-18 17:51:24,797 [Worker-25] INFO  o.e.m.c.i.embedder.EclipseLogger - Using 'UTF-8' encoding to copy filtered resources.
2017-11-18 17:51:24,797 [Worker-25] INFO  o.e.m.c.i.embedder.EclipseLogger - skip non existing resourceDirectory /Users/sjhermanek/Documents/GitHub/GamifiedOffice/gamiOffice/src/test/resources
